{"/Users/anasahmad/Desktop/Projects/CVS-Test/src/services/movieService.ts": {"path":"/Users/anasahmad/Desktop/Projects/CVS-Test/src/services/movieService.ts","statementMap":{"0":{"start":{"line":1,"column":0},"end":{"line":1,"column":30}},"1":{"start":{"line":2,"column":0},"end":{"line":2,"column":33}},"2":{"start":{"line":4,"column":0},"end":{"line":4,"column":41}},"3":{"start":{"line":31,"column":4},"end":{"line":31,"column":56}},"4":{"start":{"line":32,"column":4},"end":{"line":32,"column":58}},"5":{"start":{"line":33,"column":4},"end":{"line":33,"column":69}},"6":{"start":{"line":34,"column":4},"end":{"line":34,"column":69}},"7":{"start":{"line":35,"column":4},"end":{"line":35,"column":78}},"8":{"start":{"line":36,"column":4},"end":{"line":36,"column":78}},"9":{"start":{"line":37,"column":4},"end":{"line":37,"column":54}},"10":{"start":{"line":41,"column":18},"end":{"line":41,"column":20}},"11":{"start":{"line":42,"column":19},"end":{"line":42,"column":37}},"12":{"start":{"line":44,"column":18},"end":{"line":53,"column":6}},"13":{"start":{"line":55,"column":17},"end":{"line":55,"column":60}},"14":{"start":{"line":56,"column":28},"end":{"line":59,"column":7}},"15":{"start":{"line":56,"column":47},"end":{"line":59,"column":6}},"16":{"start":{"line":61,"column":4},"end":{"line":66,"column":6}},"17":{"start":{"line":71,"column":21},"end":{"line":71,"column":39}},"18":{"start":{"line":72,"column":24},"end":{"line":72,"column":53}},"19":{"start":{"line":73,"column":4},"end":{"line":75,"column":5}},"20":{"start":{"line":74,"column":6},"end":{"line":74,"column":25}},"21":{"start":{"line":78,"column":23},"end":{"line":82,"column":6}},"22":{"start":{"line":84,"column":18},"end":{"line":84,"column":60}},"23":{"start":{"line":85,"column":4},"end":{"line":85,"column":28}},"24":{"start":{"line":85,"column":16},"end":{"line":85,"column":28}},"25":{"start":{"line":88,"column":24},"end":{"line":92,"column":6}},"26":{"start":{"line":94,"column":25},"end":{"line":94,"column":75}},"27":{"start":{"line":97,"column":27},"end":{"line":102,"column":6}},"28":{"start":{"line":105,"column":4},"end":{"line":105,"column":50}},"29":{"start":{"line":107,"column":4},"end":{"line":107,"column":26}},"30":{"start":{"line":111,"column":18},"end":{"line":111,"column":20}},"31":{"start":{"line":112,"column":19},"end":{"line":112,"column":37}},"32":{"start":{"line":114,"column":18},"end":{"line":125,"column":6}},"33":{"start":{"line":127,"column":17},"end":{"line":127,"column":77}},"34":{"start":{"line":128,"column":28},"end":{"line":131,"column":7}},"35":{"start":{"line":128,"column":47},"end":{"line":131,"column":6}},"36":{"start":{"line":133,"column":4},"end":{"line":140,"column":6}},"37":{"start":{"line":144,"column":18},"end":{"line":144,"column":20}},"38":{"start":{"line":145,"column":19},"end":{"line":145,"column":37}},"39":{"start":{"line":147,"column":18},"end":{"line":157,"column":6}},"40":{"start":{"line":159,"column":17},"end":{"line":159,"column":74}},"41":{"start":{"line":160,"column":28},"end":{"line":163,"column":7}},"42":{"start":{"line":160,"column":47},"end":{"line":163,"column":6}},"43":{"start":{"line":165,"column":4},"end":{"line":171,"column":6}},"44":{"start":{"line":21,"column":0},"end":{"line":21,"column":13}}},"fnMap":{"0":{"name":"(anonymous_1)","decl":{"start":{"line":30,"column":2},"end":{"line":30,"column":null}},"loc":{"start":{"line":30,"column":2},"end":{"line":38,"column":3}}},"1":{"name":"(anonymous_2)","decl":{"start":{"line":40,"column":2},"end":{"line":40,"column":7}},"loc":{"start":{"line":40,"column":33},"end":{"line":67,"column":3}}},"2":{"name":"(anonymous_3)","decl":{"start":{"line":56,"column":37},"end":{"line":56,"column":42}},"loc":{"start":{"line":56,"column":47},"end":{"line":59,"column":6}}},"3":{"name":"(anonymous_4)","decl":{"start":{"line":69,"column":2},"end":{"line":69,"column":7}},"loc":{"start":{"line":69,"column":39},"end":{"line":108,"column":3}}},"4":{"name":"(anonymous_5)","decl":{"start":{"line":110,"column":2},"end":{"line":110,"column":7}},"loc":{"start":{"line":110,"column":85},"end":{"line":141,"column":3}}},"5":{"name":"(anonymous_6)","decl":{"start":{"line":128,"column":37},"end":{"line":128,"column":42}},"loc":{"start":{"line":128,"column":47},"end":{"line":131,"column":6}}},"6":{"name":"(anonymous_7)","decl":{"start":{"line":143,"column":2},"end":{"line":143,"column":7}},"loc":{"start":{"line":143,"column":52},"end":{"line":172,"column":3}}},"7":{"name":"(anonymous_8)","decl":{"start":{"line":160,"column":37},"end":{"line":160,"column":42}},"loc":{"start":{"line":160,"column":47},"end":{"line":163,"column":6}}}},"branchMap":{"0":{"loc":{"start":{"line":58,"column":14},"end":{"line":58,"column":71}},"type":"cond-expr","locations":[{"start":{"line":58,"column":29},"end":{"line":58,"column":64}},{"start":{"line":58,"column":67},"end":{"line":58,"column":71}}]},"1":{"loc":{"start":{"line":73,"column":4},"end":{"line":75,"column":5}},"type":"if","locations":[{"start":{"line":73,"column":4},"end":{"line":75,"column":5}}]},"2":{"loc":{"start":{"line":85,"column":4},"end":{"line":85,"column":28}},"type":"if","locations":[{"start":{"line":85,"column":4},"end":{"line":85,"column":28}}]},"3":{"loc":{"start":{"line":99,"column":14},"end":{"line":99,"column":71}},"type":"cond-expr","locations":[{"start":{"line":99,"column":29},"end":{"line":99,"column":64}},{"start":{"line":99,"column":67},"end":{"line":99,"column":71}}]},"4":{"loc":{"start":{"line":100,"column":15},"end":{"line":100,"column":74}},"type":"cond-expr","locations":[{"start":{"line":100,"column":31},"end":{"line":100,"column":67}},{"start":{"line":100,"column":70},"end":{"line":100,"column":74}}]},"5":{"loc":{"start":{"line":101,"column":21},"end":{"line":101,"column":102}},"type":"cond-expr","locations":[{"start":{"line":101,"column":50},"end":{"line":101,"column":95}},{"start":{"line":101,"column":98},"end":{"line":101,"column":102}}]},"6":{"loc":{"start":{"line":110,"column":52},"end":{"line":110,"column":85}},"type":"default-arg","locations":[{"start":{"line":110,"column":80},"end":{"line":110,"column":85}}]},"7":{"loc":{"start":{"line":123,"column":29},"end":{"line":123,"column":66}},"type":"cond-expr","locations":[{"start":{"line":123,"column":52},"end":{"line":123,"column":58}},{"start":{"line":123,"column":61},"end":{"line":123,"column":66}}]},"8":{"loc":{"start":{"line":130,"column":14},"end":{"line":130,"column":71}},"type":"cond-expr","locations":[{"start":{"line":130,"column":29},"end":{"line":130,"column":64}},{"start":{"line":130,"column":67},"end":{"line":130,"column":71}}]},"9":{"loc":{"start":{"line":162,"column":14},"end":{"line":162,"column":71}},"type":"cond-expr","locations":[{"start":{"line":162,"column":29},"end":{"line":162,"column":64}},{"start":{"line":162,"column":67},"end":{"line":162,"column":71}}]}},"s":{"0":1,"1":1,"2":1,"3":0,"4":0,"5":0,"6":0,"7":0,"8":0,"9":0,"10":0,"11":0,"12":0,"13":0,"14":0,"15":0,"16":0,"17":0,"18":0,"19":0,"20":0,"21":0,"22":0,"23":0,"24":0,"25":0,"26":0,"27":0,"28":0,"29":0,"30":0,"31":0,"32":0,"33":0,"34":0,"35":0,"36":0,"37":0,"38":0,"39":0,"40":0,"41":0,"42":0,"43":0,"44":1},"f":{"0":0,"1":0,"2":0,"3":0,"4":0,"5":0,"6":0,"7":0},"b":{"0":[0,0],"1":[0],"2":[0],"3":[0,0],"4":[0,0],"5":[0,0],"6":[0],"7":[0,0],"8":[0,0],"9":[0,0]}}
,"/Users/anasahmad/Desktop/Projects/CVS-Test/src/utils/lruCache.ts": {"path":"/Users/anasahmad/Desktop/Projects/CVS-Test/src/utils/lruCache.ts","statementMap":{"0":{"start":{"line":15,"column":4},"end":{"line":15,"column":29}},"1":{"start":{"line":16,"column":4},"end":{"line":16,"column":27}},"2":{"start":{"line":17,"column":4},"end":{"line":17,"column":21}},"3":{"start":{"line":18,"column":4},"end":{"line":18,"column":21}},"4":{"start":{"line":22,"column":4},"end":{"line":22,"column":35}},"5":{"start":{"line":22,"column":28},"end":{"line":22,"column":35}},"6":{"start":{"line":25,"column":4},"end":{"line":25,"column":46}},"7":{"start":{"line":25,"column":19},"end":{"line":25,"column":46}},"8":{"start":{"line":26,"column":4},"end":{"line":26,"column":46}},"9":{"start":{"line":26,"column":19},"end":{"line":26,"column":46}},"10":{"start":{"line":27,"column":4},"end":{"line":27,"column":50}},"11":{"start":{"line":27,"column":28},"end":{"line":27,"column":50}},"12":{"start":{"line":30,"column":4},"end":{"line":30,"column":26}},"13":{"start":{"line":31,"column":4},"end":{"line":31,"column":21}},"14":{"start":{"line":32,"column":4},"end":{"line":32,"column":41}},"15":{"start":{"line":32,"column":19},"end":{"line":32,"column":41}},"16":{"start":{"line":33,"column":4},"end":{"line":33,"column":21}},"17":{"start":{"line":37,"column":17},"end":{"line":37,"column":36}},"18":{"start":{"line":38,"column":4},"end":{"line":38,"column":27}},"19":{"start":{"line":38,"column":15},"end":{"line":38,"column":27}},"20":{"start":{"line":40,"column":4},"end":{"line":40,"column":27}},"21":{"start":{"line":41,"column":4},"end":{"line":41,"column":22}},"22":{"start":{"line":45,"column":25},"end":{"line":45,"column":44}},"23":{"start":{"line":46,"column":4},"end":{"line":50,"column":5}},"24":{"start":{"line":47,"column":6},"end":{"line":47,"column":33}},"25":{"start":{"line":48,"column":6},"end":{"line":48,"column":37}},"26":{"start":{"line":49,"column":6},"end":{"line":49,"column":13}},"27":{"start":{"line":53,"column":34},"end":{"line":58,"column":6}},"28":{"start":{"line":61,"column":4},"end":{"line":61,"column":44}},"29":{"start":{"line":61,"column":19},"end":{"line":61,"column":44}},"30":{"start":{"line":62,"column":4},"end":{"line":62,"column":24}},"31":{"start":{"line":65,"column":4},"end":{"line":65,"column":33}},"32":{"start":{"line":68,"column":4},"end":{"line":76,"column":5}},"33":{"start":{"line":69,"column":6},"end":{"line":73,"column":7}},"34":{"start":{"line":70,"column":8},"end":{"line":70,"column":41}},"35":{"start":{"line":71,"column":8},"end":{"line":71,"column":35}},"36":{"start":{"line":72,"column":8},"end":{"line":72,"column":45}},"37":{"start":{"line":72,"column":23},"end":{"line":72,"column":45}},"38":{"start":{"line":74,"column":11},"end":{"line":76,"column":5}},"39":{"start":{"line":75,"column":6},"end":{"line":75,"column":26}},"40":{"start":{"line":80,"column":4},"end":{"line":80,"column":23}},"41":{"start":{"line":81,"column":4},"end":{"line":81,"column":21}},"42":{"start":{"line":82,"column":4},"end":{"line":82,"column":21}},"43":{"start":{"line":87,"column":4},"end":{"line":87,"column":27}},"44":{"start":{"line":91,"column":0},"end":{"line":91,"column":24}}},"fnMap":{"0":{"name":"(anonymous_0)","decl":{"start":{"line":14,"column":2},"end":{"line":14,"column":14}},"loc":{"start":{"line":14,"column":30},"end":{"line":19,"column":3}}},"1":{"name":"(anonymous_1)","decl":{"start":{"line":21,"column":10},"end":{"line":21,"column":21}},"loc":{"start":{"line":21,"column":40},"end":{"line":34,"column":3}}},"2":{"name":"(anonymous_2)","decl":{"start":{"line":36,"column":2},"end":{"line":36,"column":5}},"loc":{"start":{"line":36,"column":17},"end":{"line":42,"column":3}}},"3":{"name":"(anonymous_3)","decl":{"start":{"line":44,"column":2},"end":{"line":44,"column":5}},"loc":{"start":{"line":44,"column":27},"end":{"line":77,"column":3}}},"4":{"name":"(anonymous_4)","decl":{"start":{"line":79,"column":2},"end":{"line":79,"column":7}},"loc":{"start":{"line":79,"column":7},"end":{"line":83,"column":3}}},"5":{"name":"(anonymous_5)","decl":{"start":{"line":86,"column":2},"end":{"line":86,"column":6}},"loc":{"start":{"line":86,"column":6},"end":{"line":88,"column":3}}}},"branchMap":{"0":{"loc":{"start":{"line":22,"column":4},"end":{"line":22,"column":35}},"type":"if","locations":[{"start":{"line":22,"column":4},"end":{"line":22,"column":35}}]},"1":{"loc":{"start":{"line":25,"column":4},"end":{"line":25,"column":46}},"type":"if","locations":[{"start":{"line":25,"column":4},"end":{"line":25,"column":46}}]},"2":{"loc":{"start":{"line":26,"column":4},"end":{"line":26,"column":46}},"type":"if","locations":[{"start":{"line":26,"column":4},"end":{"line":26,"column":46}}]},"3":{"loc":{"start":{"line":27,"column":4},"end":{"line":27,"column":50}},"type":"if","locations":[{"start":{"line":27,"column":4},"end":{"line":27,"column":50}}]},"4":{"loc":{"start":{"line":32,"column":4},"end":{"line":32,"column":41}},"type":"if","locations":[{"start":{"line":32,"column":4},"end":{"line":32,"column":41}}]},"5":{"loc":{"start":{"line":38,"column":4},"end":{"line":38,"column":27}},"type":"if","locations":[{"start":{"line":38,"column":4},"end":{"line":38,"column":27}}]},"6":{"loc":{"start":{"line":46,"column":4},"end":{"line":50,"column":5}},"type":"if","locations":[{"start":{"line":46,"column":4},"end":{"line":50,"column":5}}]},"7":{"loc":{"start":{"line":61,"column":4},"end":{"line":61,"column":44}},"type":"if","locations":[{"start":{"line":61,"column":4},"end":{"line":61,"column":44}}]},"8":{"loc":{"start":{"line":68,"column":4},"end":{"line":76,"column":5}},"type":"if","locations":[{"start":{"line":68,"column":4},"end":{"line":76,"column":5}},{"start":{"line":74,"column":11},"end":{"line":76,"column":5}}]},"9":{"loc":{"start":{"line":69,"column":6},"end":{"line":73,"column":7}},"type":"if","locations":[{"start":{"line":69,"column":6},"end":{"line":73,"column":7}}]},"10":{"loc":{"start":{"line":72,"column":8},"end":{"line":72,"column":45}},"type":"if","locations":[{"start":{"line":72,"column":8},"end":{"line":72,"column":45}}]},"11":{"loc":{"start":{"line":74,"column":11},"end":{"line":76,"column":5}},"type":"if","locations":[{"start":{"line":74,"column":11},"end":{"line":76,"column":5}}]}},"s":{"0":0,"1":0,"2":0,"3":0,"4":0,"5":0,"6":0,"7":0,"8":0,"9":0,"10":0,"11":0,"12":0,"13":0,"14":0,"15":0,"16":0,"17":0,"18":0,"19":0,"20":0,"21":0,"22":0,"23":0,"24":0,"25":0,"26":0,"27":0,"28":0,"29":0,"30":0,"31":0,"32":0,"33":0,"34":0,"35":0,"36":0,"37":0,"38":0,"39":0,"40":0,"41":0,"42":0,"43":0,"44":1},"f":{"0":0,"1":0,"2":0,"3":0,"4":0,"5":0},"b":{"0":[0],"1":[0],"2":[0],"3":[0],"4":[0],"5":[0],"6":[0],"7":[0],"8":[0,0],"9":[0],"10":[0],"11":[0]}}
}
