TN:
SF:src/services/movieService.ts
FN:30,(anonymous_1)
FN:40,(anonymous_2)
FN:56,(anonymous_3)
FN:69,(anonymous_4)
FN:110,(anonymous_5)
FN:128,(anonymous_6)
FN:143,(anonymous_7)
FN:160,(anonymous_8)
FNF:8
FNH:0
FNDA:0,(anonymous_1)
FNDA:0,(anonymous_2)
FNDA:0,(anonymous_3)
FNDA:0,(anonymous_4)
FNDA:0,(anonymous_5)
FNDA:0,(anonymous_6)
FNDA:0,(anonymous_7)
FNDA:0,(anonymous_8)
DA:1,1
DA:2,1
DA:4,1
DA:21,1
DA:31,0
DA:32,0
DA:33,0
DA:34,0
DA:35,0
DA:36,0
DA:37,0
DA:41,0
DA:42,0
DA:44,0
DA:55,0
DA:56,0
DA:61,0
DA:71,0
DA:72,0
DA:73,0
DA:74,0
DA:78,0
DA:84,0
DA:85,0
DA:88,0
DA:94,0
DA:97,0
DA:105,0
DA:107,0
DA:111,0
DA:112,0
DA:114,0
DA:127,0
DA:128,0
DA:133,0
DA:144,0
DA:145,0
DA:147,0
DA:159,0
DA:160,0
DA:165,0
LF:41
LH:4
BRDA:58,0,0,0
BRDA:58,0,1,0
BRDA:73,1,0,0
BRDA:85,2,0,0
BRDA:99,3,0,0
BRDA:99,3,1,0
BRDA:100,4,0,0
BRDA:100,4,1,0
BRDA:101,5,0,0
BRDA:101,5,1,0
BRDA:110,6,0,0
BRDA:123,7,0,0
BRDA:123,7,1,0
BRDA:130,8,0,0
BRDA:130,8,1,0
BRDA:162,9,0,0
BRDA:162,9,1,0
BRF:17
BRH:0
end_of_record
TN:
SF:src/utils/lruCache.ts
FN:14,(anonymous_0)
FN:21,(anonymous_1)
FN:36,(anonymous_2)
FN:44,(anonymous_3)
FN:79,(anonymous_4)
FN:86,(anonymous_5)
FNF:6
FNH:0
FNDA:0,(anonymous_0)
FNDA:0,(anonymous_1)
FNDA:0,(anonymous_2)
FNDA:0,(anonymous_3)
FNDA:0,(anonymous_4)
FNDA:0,(anonymous_5)
DA:15,0
DA:16,0
DA:17,0
DA:18,0
DA:22,0
DA:25,0
DA:26,0
DA:27,0
DA:30,0
DA:31,0
DA:32,0
DA:33,0
DA:37,0
DA:38,0
DA:40,0
DA:41,0
DA:45,0
DA:46,0
DA:47,0
DA:48,0
DA:49,0
DA:53,0
DA:61,0
DA:62,0
DA:65,0
DA:68,0
DA:69,0
DA:70,0
DA:71,0
DA:72,0
DA:74,0
DA:75,0
DA:80,0
DA:81,0
DA:82,0
DA:87,0
DA:91,1
LF:37
LH:1
BRDA:22,0,0,0
BRDA:25,1,0,0
BRDA:26,2,0,0
BRDA:27,3,0,0
BRDA:32,4,0,0
BRDA:38,5,0,0
BRDA:46,6,0,0
BRDA:61,7,0,0
BRDA:68,8,0,0
BRDA:68,8,1,0
BRDA:69,9,0,0
BRDA:72,10,0,0
BRDA:74,11,0,0
BRF:13
BRH:0
end_of_record
